<?xml version="1.0" encoding="UTF-8"?>
<testsuite xmlns:xsi="http://www.w3.org/2001/XMLSchema-instance" xsi:noNamespaceSchemaLocation="https://maven.apache.org/surefire/maven-surefire-plugin/xsd/surefire-test-report.xsd" version="3.0.2" name="TestSuite" time="13.426" tests="3" errors="0" skipped="0" failures="0">
  <properties>
[...]
</properties>
  <testcase name="login" classname="LoginTest" time="5.688">
    <system-out><![CDATA[Login Successful
]]></system-out>
    <system-err><![CDATA[SLF4J: Failed to load class "org.slf4j.impl.StaticLoggerBinder".
SLF4J: Defaulting to no-operation (NOP) logger implementation
SLF4J: See http://www.slf4j.org/codes.html#StaticLoggerBinder for further details.
Jul 05, 2025 3:44:03 PM org.openqa.selenium.devtools.CdpVersionFinder findNearestMatch
WARNING: Unable to find an exact match for CDP version 138, returning the closest version; found: 136; Please update to a Selenium version that supports CDP version 138
]]></system-err>
  </testcase>
  <testcase name="addcart" classname="AddToCartTest" time="3.363">
    <system-out><![CDATA[$29.99
]]></system-out>
    <system-err><![CDATA[Jul 05, 2025 3:44:08 PM org.openqa.selenium.devtools.CdpVersionFinder findNearestMatch
WARNING: Unable to find an exact match for CDP version 138, returning the closest version; found: 136; Please update to a Selenium version that supports CDP version 138
]]></system-err>
  </testcase>
  <testcase name="logout" classname="LogOutTest" time="3.538">
    <system-err><![CDATA[Jul 05, 2025 3:44:12 PM org.openqa.selenium.devtools.CdpVersionFinder findNearestMatch
WARNING: Unable to find an exact match for CDP version 138, returning the closest version; found: 136; Please update to a Selenium version that supports CDP version 138
]]></system-err>
  </testcase>
</testsuite>