<?xml version="1.0" encoding="UTF-8"?>
<testng-results ignored="0" total="3" passed="3" failed="0" skipped="0">
  <reporter-output>
  </reporter-output>
  <suite started-at="2025-07-05T15:44:01 GMT-03:00" name="Suite" finished-at="2025-07-05T15:44:14 GMT-03:00" duration-ms="12650">
    <groups>
    </groups>
    <test started-at="2025-07-05T15:44:01 GMT-03:00" name="Test" finished-at="2025-07-05T15:44:14 GMT-03:00" duration-ms="12650">
      <class name="LogOutTest">
        <test-method signature="logout()[pri:0, instance:LogOutTest@2473d930]" started-at="2025-07-05T15:44:10 GMT-03:00" name="logout" finished-at="2025-07-05T15:44:14 GMT-03:00" duration-ms="3538" status="PASS">
          <reporter-output>
          </reporter-output>
        </test-method> <!-- logout -->
      </class> <!-- LogOutTest -->
      <class name="AddToCartTest">
        <test-method signature="addcart()[pri:0, instance:AddToCartTest@76908cc0]" started-at="2025-07-05T15:44:07 GMT-03:00" name="addcart" finished-at="2025-07-05T15:44:10 GMT-03:00" duration-ms="3363" status="PASS">
          <reporter-output>
          </reporter-output>
        </test-method> <!-- addcart -->
      </class> <!-- AddToCartTest -->
      <class name="LoginTest">
        <test-method signature="login()[pri:0, instance:LoginTest@6ef888f6]" started-at="2025-07-05T15:44:01 GMT-03:00" name="login" finished-at="2025-07-05T15:44:07 GMT-03:00" duration-ms="5687" status="PASS">
          <reporter-output>
          </reporter-output>
        </test-method> <!-- login -->
      </class> <!-- LoginTest -->
    </test> <!-- Test -->
  </suite> <!-- Suite -->
</testng-results>
